# JRE version: Java(TM) SE Runtime Environment (8.0_101-b13) (build 1.8.0_101-b13)
# Java VM: Java HotSpot(TM) 64-Bit Server VM (25.101-b13 mixed mode linux-amd64 compressed oops)
Heap:
 PSYoungGen      total 668160K, used 371828K [0x00000000d6a00000, 0x0000000100000000, 0x0000000100000000)
  eden space 658432K, 56% used [0x00000000d6a00000,0x00000000ed4dd368,0x00000000fed00000)
  from space 9728K, 2% used [0x00000000fed00000,0x00000000fed40000,0x00000000ff680000)
  to   space 9728K, 0% used [0x00000000ff680000,0x00000000ff680000,0x0000000100000000)
 ParOldGen       total 86016K, used 11904K [0x0000000083e00000, 0x0000000089200000, 0x00000000d6a00000)
  object space 86016K, 13% used [0x0000000083e00000,0x00000000849a00e0,0x0000000089200000)
 Metaspace       used 5297K, capacity 5494K, committed 5632K, reserved 1056768K
  class space    used 590K, capacity 651K, committed 768K, reserved 1048576K
GC Heap History (10 events):
Event: 306,943 GC heap before
{Heap before GC invocations=9 (full 0):
 PSYoungGen      total 271360K, used 265513K [0x00000000d6a00000, 0x00000000e7c00000, 0x0000000100000000)
  eden space 262144K, 100% used [0x00000000d6a00000,0x00000000e6a00000,0x00000000e6a00000)
  from space 9216K, 36% used [0x00000000e7300000,0x00000000e764a418,0x00000000e7c00000)
  to   space 9216K, 0% used [0x00000000e6a00000,0x00000000e6a00000,0x00000000e7300000)
 ParOldGen       total 86016K, used 9940K [0x0000000083e00000, 0x0000000089200000, 0x00000000d6a00000)
  object space 86016K, 11% used [0x0000000083e00000,0x00000000847b50d0,0x0000000089200000)
 Metaspace       used 5134K, capacity 5388K, committed 5632K, reserved 1056768K
  class space    used 583K, capacity 644K, committed 768K, reserved 1048576K
Event: 306,946 GC heap after
Heap after GC invocations=9 (full 0):
 PSYoungGen      total 271360K, used 2008K [0x00000000d6a00000, 0x00000000f1600000, 0x0000000100000000)
  eden space 262144K, 0% used [0x00000000d6a00000,0x00000000d6a00000,0x00000000e6a00000)
  from space 9216K, 21% used [0x00000000e6a00000,0x00000000e6bf6380,0x00000000e7300000)
  to   space 9216K, 0% used [0x00000000f0d00000,0x00000000f0d00000,0x00000000f1600000)
 ParOldGen       total 86016K, used 11320K [0x0000000083e00000, 0x0000000089200000, 0x00000000d6a00000)
  object space 86016K, 13% used [0x0000000083e00000,0x000000008490e0e0,0x0000000089200000)
 Metaspace       used 5134K, capacity 5388K, committed 5632K, reserved 1056768K
  class space    used 583K, capacity 644K, committed 768K, reserved 1048576K
}
Event: 307,023 GC heap before
{Heap before GC invocations=10 (full 0):
 PSYoungGen      total 271360K, used 264152K [0x00000000d6a00000, 0x00000000f1600000, 0x0000000100000000)
  eden space 262144K, 100% used [0x00000000d6a00000,0x00000000e6a00000,0x00000000e6a00000)
  from space 9216K, 21% used [0x00000000e6a00000,0x00000000e6bf6380,0x00000000e7300000)
  to   space 9216K, 0% used [0x00000000f0d00000,0x00000000f0d00000,0x00000000f1600000)
 ParOldGen       total 86016K, used 11320K [0x0000000083e00000, 0x0000000089200000, 0x00000000d6a00000)
  object space 86016K, 13% used [0x0000000083e00000,0x000000008490e0e0,0x0000000089200000)
 Metaspace       used 5149K, capacity 5400K, committed 5632K, reserved 1056768K
  class space    used 585K, capacity 646K, committed 768K, reserved 1048576K
Event: 307,024 GC heap after
Heap after GC invocations=10 (full 0):
 PSYoungGen      total 428544K, used 736K [0x00000000d6a00000, 0x00000000f1700000, 0x0000000100000000)
  eden space 419328K, 0% used [0x00000000d6a00000,0x00000000d6a00000,0x00000000f0380000)
  from space 9216K, 7% used [0x00000000f0d00000,0x00000000f0db8000,0x00000000f1600000)
  to   space 9728K, 0% used [0x00000000f0380000,0x00000000f0380000,0x00000000f0d00000)
 ParOldGen       total 86016K, used 11800K [0x0000000083e00000, 0x0000000089200000, 0x00000000d6a00000)
  object space 86016K, 13% used [0x0000000083e00000,0x00000000849860e0,0x0000000089200000)
 Metaspace       used 5149K, capacity 5400K, committed 5632K, reserved 1056768K
  class space    used 585K, capacity 646K, committed 768K, reserved 1048576K
}
Event: 307,155 GC heap before
{Heap before GC invocations=11 (full 0):
 PSYoungGen      total 428544K, used 420064K [0x00000000d6a00000, 0x00000000f1700000, 0x0000000100000000)
  eden space 419328K, 100% used [0x00000000d6a00000,0x00000000f0380000,0x00000000f0380000)
  from space 9216K, 7% used [0x00000000f0d00000,0x00000000f0db8000,0x00000000f1600000)
  to   space 9728K, 0% used [0x00000000f0380000,0x00000000f0380000,0x00000000f0d00000)
 ParOldGen       total 86016K, used 11800K [0x0000000083e00000, 0x0000000089200000, 0x00000000d6a00000)
  object space 86016K, 13% used [0x0000000083e00000,0x00000000849860e0,0x0000000089200000)
 Metaspace       used 5184K, capacity 5412K, committed 5632K, reserved 1056768K
  class space    used 586K, capacity 648K, committed 768K, reserved 1048576K
Event: 307,157 GC heap after
Heap after GC invocations=11 (full 0):
 PSYoungGen      total 429056K, used 1475K [0x00000000d6a00000, 0x0000000100000000, 0x0000000100000000)
  eden space 419328K, 0% used [0x00000000d6a00000,0x00000000d6a00000,0x00000000f0380000)
  from space 9728K, 15% used [0x00000000f0380000,0x00000000f04f0d30,0x00000000f0d00000)
  to   space 9728K, 0% used [0x00000000ff680000,0x00000000ff680000,0x0000000100000000)
 ParOldGen       total 86016K, used 11848K [0x0000000083e00000, 0x0000000089200000, 0x00000000d6a00000)
  object space 86016K, 13% used [0x0000000083e00000,0x00000000849920e0,0x0000000089200000)
 Metaspace       used 5184K, capacity 5412K, committed 5632K, reserved 1056768K
  class space    used 586K, capacity 648K, committed 768K, reserved 1048576K
}
Event: 373,060 GC heap before
{Heap before GC invocations=12 (full 0):
 PSYoungGen      total 429056K, used 420803K [0x00000000d6a00000, 0x0000000100000000, 0x0000000100000000)
  eden space 419328K, 100% used [0x00000000d6a00000,0x00000000f0380000,0x00000000f0380000)
  from space 9728K, 15% used [0x00000000f0380000,0x00000000f04f0d30,0x00000000f0d00000)
  to   space 9728K, 0% used [0x00000000ff680000,0x00000000ff680000,0x0000000100000000)
 ParOldGen       total 86016K, used 11848K [0x0000000083e00000, 0x0000000089200000, 0x00000000d6a00000)
  object space 86016K, 13% used [0x0000000083e00000,0x00000000849920e0,0x0000000089200000)
 Metaspace       used 5217K, capacity 5476K, committed 5632K, reserved 1056768K
  class space    used 586K, capacity 648K, committed 768K, reserved 1048576K
Event: 373,063 GC heap after
Heap after GC invocations=12 (full 0):
 PSYoungGen      total 668160K, used 1339K [0x00000000d6a00000, 0x0000000100000000, 0x0000000100000000)
  eden space 658432K, 0% used [0x00000000d6a00000,0x00000000d6a00000,0x00000000fed00000)
  from space 9728K, 13% used [0x00000000ff680000,0x00000000ff7ced98,0x0000000100000000)
  to   space 9728K, 0% used [0x00000000fed00000,0x00000000fed00000,0x00000000ff680000)
 ParOldGen       total 86016K, used 11880K [0x0000000083e00000, 0x0000000089200000, 0x00000000d6a00000)
  object space 86016K, 13% used [0x0000000083e00000,0x000000008499a0e0,0x0000000089200000)
 Metaspace       used 5217K, capacity 5476K, committed 5632K, reserved 1056768K
  class space    used 586K, capacity 648K, committed 768K, reserved 1048576K
}
Event: 381,938 GC heap before
{Heap before GC invocations=13 (full 0):
 PSYoungGen      total 668160K, used 659771K [0x00000000d6a00000, 0x0000000100000000, 0x0000000100000000)
  eden space 658432K, 100% used [0x00000000d6a00000,0x00000000fed00000,0x00000000fed00000)
  from space 9728K, 13% used [0x00000000ff680000,0x00000000ff7ced98,0x0000000100000000)
  to   space 9728K, 0% used [0x00000000fed00000,0x00000000fed00000,0x00000000ff680000)
 ParOldGen       total 86016K, used 11880K [0x0000000083e00000, 0x0000000089200000, 0x00000000d6a00000)
  object space 86016K, 13% used [0x0000000083e00000,0x000000008499a0e0,0x0000000089200000)
 Metaspace       used 5235K, capacity 5476K, committed 5632K, reserved 1056768K
  class space    used 586K, capacity 648K, committed 768K, reserved 1048576K
Event: 381,940 GC heap after
Heap after GC invocations=13 (full 0):
 PSYoungGen      total 668160K, used 256K [0x00000000d6a00000, 0x0000000100000000, 0x0000000100000000)
  eden space 658432K, 0% used [0x00000000d6a00000,0x00000000d6a00000,0x00000000fed00000)
  from space 9728K, 2% used [0x00000000fed00000,0x00000000fed40000,0x00000000ff680000)
  to   space 9728K, 0% used [0x00000000ff680000,0x00000000ff680000,0x0000000100000000)
 ParOldGen       total 86016K, used 11904K [0x0000000083e00000, 0x0000000089200000, 0x00000000d6a00000)
  object space 86016K, 13% used [0x0000000083e00000,0x00000000849a00e0,0x0000000089200000)
 Metaspace       used 5235K, capacity 5476K, committed 5632K, reserved 1056768K
  class space    used 586K, capacity 648K, committed 768K, reserved 1048576K
}

