# JRE version: Java(TM) SE Runtime Environment (8.0_101-b13) (build 1.8.0_101-b13)
# Java VM: Java HotSpot(TM) 64-Bit Server VM (25.101-b13 mixed mode linux-amd64 compressed oops)
Heap:
 PSYoungGen      total 37888K, used 7986K [0x00000000d6a00000, 0x00000000db400000, 0x0000000100000000)
  eden space 32768K, 8% used [0x00000000d6a00000,0x00000000d6cd4830,0x00000000d8a00000)
  from space 5120K, 99% used [0x00000000d8f00000,0x00000000d93f8060,0x00000000d9400000)
  to   space 5120K, 0% used [0x00000000d8a00000,0x00000000d8a00000,0x00000000d8f00000)
 ParOldGen       total 86016K, used 3168K [0x0000000083e00000, 0x0000000089200000, 0x00000000d6a00000)
  object space 86016K, 3% used [0x0000000083e00000,0x0000000084118010,0x0000000089200000)
 Metaspace       used 4868K, capacity 5022K, committed 5248K, reserved 1056768K
  class space    used 539K, capacity 565K, committed 640K, reserved 1048576K
GC Heap History (4 events):
Event: 169,639 GC heap before
{Heap before GC invocations=1 (full 0):
 PSYoungGen      total 37888K, used 32768K [0x00000000d6a00000, 0x00000000d9400000, 0x0000000100000000)
  eden space 32768K, 100% used [0x00000000d6a00000,0x00000000d8a00000,0x00000000d8a00000)
  from space 5120K, 0% used [0x00000000d8f00000,0x00000000d8f00000,0x00000000d9400000)
  to   space 5120K, 0% used [0x00000000d8a00000,0x00000000d8a00000,0x00000000d8f00000)
 ParOldGen       total 86016K, used 0K [0x0000000083e00000, 0x0000000089200000, 0x00000000d6a00000)
  object space 86016K, 0% used [0x0000000083e00000,0x0000000083e00000,0x0000000089200000)
 Metaspace       used 4715K, capacity 4958K, committed 5248K, reserved 1056768K
  class space    used 520K, capacity 565K, committed 640K, reserved 1048576K
Event: 169,645 GC heap after
Heap after GC invocations=1 (full 0):
 PSYoungGen      total 37888K, used 4576K [0x00000000d6a00000, 0x00000000d9400000, 0x0000000100000000)
  eden space 32768K, 0% used [0x00000000d6a00000,0x00000000d6a00000,0x00000000d8a00000)
  from space 5120K, 89% used [0x00000000d8a00000,0x00000000d8e78070,0x00000000d8f00000)
  to   space 5120K, 0% used [0x00000000d8f00000,0x00000000d8f00000,0x00000000d9400000)
 ParOldGen       total 86016K, used 8K [0x0000000083e00000, 0x0000000089200000, 0x00000000d6a00000)
  object space 86016K, 0% used [0x0000000083e00000,0x0000000083e02000,0x0000000089200000)
 Metaspace       used 4715K, capacity 4958K, committed 5248K, reserved 1056768K
  class space    used 520K, capacity 565K, committed 640K, reserved 1048576K
}
Event: 169,887 GC heap before
{Heap before GC invocations=2 (full 0):
 PSYoungGen      total 37888K, used 37344K [0x00000000d6a00000, 0x00000000d9400000, 0x0000000100000000)
  eden space 32768K, 100% used [0x00000000d6a00000,0x00000000d8a00000,0x00000000d8a00000)
  from space 5120K, 89% used [0x00000000d8a00000,0x00000000d8e78070,0x00000000d8f00000)
  to   space 5120K, 0% used [0x00000000d8f00000,0x00000000d8f00000,0x00000000d9400000)
 ParOldGen       total 86016K, used 8K [0x0000000083e00000, 0x0000000089200000, 0x00000000d6a00000)
  object space 86016K, 0% used [0x0000000083e00000,0x0000000083e02000,0x0000000089200000)
 Metaspace       used 4722K, capacity 4958K, committed 5248K, reserved 1056768K
  class space    used 520K, capacity 565K, committed 640K, reserved 1048576K
Event: 169,893 GC heap after
Heap after GC invocations=2 (full 0):
 PSYoungGen      total 37888K, used 5088K [0x00000000d6a00000, 0x00000000db400000, 0x0000000100000000)
  eden space 32768K, 0% used [0x00000000d6a00000,0x00000000d6a00000,0x00000000d8a00000)
  from space 5120K, 99% used [0x00000000d8f00000,0x00000000d93f8060,0x00000000d9400000)
  to   space 5120K, 0% used [0x00000000d8a00000,0x00000000d8a00000,0x00000000d8f00000)
 ParOldGen       total 86016K, used 3168K [0x0000000083e00000, 0x0000000089200000, 0x00000000d6a00000)
  object space 86016K, 3% used [0x0000000083e00000,0x0000000084118010,0x0000000089200000)
 Metaspace       used 4722K, capacity 4958K, committed 5248K, reserved 1056768K
  class space    used 520K, capacity 565K, committed 640K, reserved 1048576K
}

