# JRE version: Java(TM) SE Runtime Environment (8.0_101-b13) (build 1.8.0_101-b13)
# Java VM: Java HotSpot(TM) 64-Bit Server VM (25.101-b13 mixed mode linux-amd64 compressed oops)
Heap:
 PSYoungGen      total 659456K, used 165485K [0x00000000d6a00000, 0x00000000fff00000, 0x0000000100000000)
  eden space 658432K, 25% used [0x00000000d6a00000,0x00000000e0acb4a0,0x00000000fed00000)
  from space 1024K, 81% used [0x00000000fed00000,0x00000000fedd0000,0x00000000fee00000)
  to   space 9216K, 0% used [0x00000000ff600000,0x00000000ff600000,0x00000000fff00000)
 ParOldGen       total 86016K, used 11888K [0x0000000083e00000, 0x0000000089200000, 0x00000000d6a00000)
  object space 86016K, 13% used [0x0000000083e00000,0x000000008499c0e0,0x0000000089200000)
 Metaspace       used 5363K, capacity 5562K, committed 5888K, reserved 1056768K
  class space    used 595K, capacity 651K, committed 768K, reserved 1048576K
GC Heap History (10 events):
Event: 1,320 GC heap before
{Heap before GC invocations=11 (full 0):
 PSYoungGen      total 667136K, used 658747K [0x00000000d6a00000, 0x0000000100000000, 0x0000000100000000)
  eden space 657408K, 100% used [0x00000000d6a00000,0x00000000fec00000,0x00000000fec00000)
  from space 9728K, 13% used [0x00000000ff680000,0x00000000ff7cec48,0x0000000100000000)
  to   space 10240K, 0% used [0x00000000fec00000,0x00000000fec00000,0x00000000ff600000)
 ParOldGen       total 86016K, used 11752K [0x0000000083e00000, 0x0000000089200000, 0x00000000d6a00000)
  object space 86016K, 13% used [0x0000000083e00000,0x000000008497a0e0,0x0000000089200000)
 Metaspace       used 5207K, capacity 5412K, committed 5632K, reserved 1056768K
  class space    used 587K, capacity 648K, committed 768K, reserved 1048576K
Event: 1,322 GC heap after
Heap after GC invocations=11 (full 0):
 PSYoungGen      total 667648K, used 1540K [0x00000000d6a00000, 0x0000000100000000, 0x0000000100000000)
  eden space 657408K, 0% used [0x00000000d6a00000,0x00000000d6a00000,0x00000000fec00000)
  from space 10240K, 15% used [0x00000000fec00000,0x00000000fed81250,0x00000000ff600000)
  to   space 10240K, 0% used [0x00000000ff600000,0x00000000ff600000,0x0000000100000000)
 ParOldGen       total 86016K, used 11792K [0x0000000083e00000, 0x0000000089200000, 0x00000000d6a00000)
  object space 86016K, 13% used [0x0000000083e00000,0x00000000849840e0,0x0000000089200000)
 Metaspace       used 5207K, capacity 5412K, committed 5632K, reserved 1056768K
  class space    used 587K, capacity 648K, committed 768K, reserved 1048576K
}
Event: 20,099 GC heap before
{Heap before GC invocations=12 (full 0):
 PSYoungGen      total 667648K, used 658948K [0x00000000d6a00000, 0x0000000100000000, 0x0000000100000000)
  eden space 657408K, 100% used [0x00000000d6a00000,0x00000000fec00000,0x00000000fec00000)
  from space 10240K, 15% used [0x00000000fec00000,0x00000000fed81250,0x00000000ff600000)
  to   space 10240K, 0% used [0x00000000ff600000,0x00000000ff600000,0x0000000100000000)
 ParOldGen       total 86016K, used 11792K [0x0000000083e00000, 0x0000000089200000, 0x00000000d6a00000)
  object space 86016K, 13% used [0x0000000083e00000,0x00000000849840e0,0x0000000089200000)
 Metaspace       used 5245K, capacity 5430K, committed 5632K, reserved 1056768K
  class space    used 590K, capacity 651K, committed 768K, reserved 1048576K
Event: 20,100 GC heap after
Heap after GC invocations=12 (full 0):
 PSYoungGen      total 666624K, used 1702K [0x00000000d6a00000, 0x00000000fff00000, 0x0000000100000000)
  eden space 657408K, 0% used [0x00000000d6a00000,0x00000000d6a00000,0x00000000fec00000)
  from space 9216K, 18% used [0x00000000ff600000,0x00000000ff7a9800,0x00000000fff00000)
  to   space 9728K, 0% used [0x00000000fec00000,0x00000000fec00000,0x00000000ff580000)
 ParOldGen       total 86016K, used 11808K [0x0000000083e00000, 0x0000000089200000, 0x00000000d6a00000)
  object space 86016K, 13% used [0x0000000083e00000,0x00000000849880e0,0x0000000089200000)
 Metaspace       used 5245K, capacity 5430K, committed 5632K, reserved 1056768K
  class space    used 590K, capacity 651K, committed 768K, reserved 1048576K
}
Event: 20,316 GC heap before
{Heap before GC invocations=13 (full 0):
 PSYoungGen      total 666624K, used 659110K [0x00000000d6a00000, 0x00000000fff00000, 0x0000000100000000)
  eden space 657408K, 100% used [0x00000000d6a00000,0x00000000fec00000,0x00000000fec00000)
  from space 9216K, 18% used [0x00000000ff600000,0x00000000ff7a9800,0x00000000fff00000)
  to   space 9728K, 0% used [0x00000000fec00000,0x00000000fec00000,0x00000000ff580000)
 ParOldGen       total 86016K, used 11808K [0x0000000083e00000, 0x0000000089200000, 0x00000000d6a00000)
  object space 86016K, 13% used [0x0000000083e00000,0x00000000849880e0,0x0000000089200000)
 Metaspace       used 5261K, capacity 5430K, committed 5632K, reserved 1056768K
  class space    used 590K, capacity 651K, committed 768K, reserved 1048576K
Event: 20,317 GC heap after
Heap after GC invocations=13 (full 0):
 PSYoungGen      total 667136K, used 1345K [0x00000000d6a00000, 0x0000000100000000, 0x0000000100000000)
  eden space 657408K, 0% used [0x00000000d6a00000,0x00000000d6a00000,0x00000000fec00000)
  from space 9728K, 13% used [0x00000000fec00000,0x00000000fed50418,0x00000000ff580000)
  to   space 9728K, 0% used [0x00000000ff680000,0x00000000ff680000,0x0000000100000000)
 ParOldGen       total 86016K, used 11848K [0x0000000083e00000, 0x0000000089200000, 0x00000000d6a00000)
  object space 86016K, 13% used [0x0000000083e00000,0x00000000849920e0,0x0000000089200000)
 Metaspace       used 5261K, capacity 5430K, committed 5632K, reserved 1056768K
  class space    used 590K, capacity 651K, committed 768K, reserved 1048576K
}
Event: 20,603 GC heap before
{Heap before GC invocations=14 (full 0):
 PSYoungGen      total 667136K, used 658753K [0x00000000d6a00000, 0x0000000100000000, 0x0000000100000000)
  eden space 657408K, 100% used [0x00000000d6a00000,0x00000000fec00000,0x00000000fec00000)
  from space 9728K, 13% used [0x00000000fec00000,0x00000000fed50418,0x00000000ff580000)
  to   space 9728K, 0% used [0x00000000ff680000,0x00000000ff680000,0x0000000100000000)
 ParOldGen       total 86016K, used 11848K [0x0000000083e00000, 0x0000000089200000, 0x00000000d6a00000)
  object space 86016K, 13% used [0x0000000083e00000,0x00000000849920e0,0x0000000089200000)
 Metaspace       used 5276K, capacity 5430K, committed 5632K, reserved 1056768K
  class space    used 590K, capacity 651K, committed 768K, reserved 1048576K
Event: 20,604 GC heap after
Heap after GC invocations=14 (full 0):
 PSYoungGen      total 668160K, used 1371K [0x00000000d6a00000, 0x0000000100000000, 0x0000000100000000)
  eden space 658432K, 0% used [0x00000000d6a00000,0x00000000d6a00000,0x00000000fed00000)
  from space 9728K, 14% used [0x00000000ff680000,0x00000000ff7d6d60,0x0000000100000000)
  to   space 9728K, 0% used [0x00000000fed00000,0x00000000fed00000,0x00000000ff680000)
 ParOldGen       total 86016K, used 11864K [0x0000000083e00000, 0x0000000089200000, 0x00000000d6a00000)
  object space 86016K, 13% used [0x0000000083e00000,0x00000000849960e0,0x0000000089200000)
 Metaspace       used 5276K, capacity 5430K, committed 5632K, reserved 1056768K
  class space    used 590K, capacity 651K, committed 768K, reserved 1048576K
}
Event: 20,788 GC heap before
{Heap before GC invocations=15 (full 0):
 PSYoungGen      total 668160K, used 659799K [0x00000000d6a00000, 0x0000000100000000, 0x0000000100000000)
  eden space 658432K, 99% used [0x00000000d6a00000,0x00000000fecff270,0x00000000fed00000)
  from space 9728K, 14% used [0x00000000ff680000,0x00000000ff7d6d60,0x0000000100000000)
  to   space 9728K, 0% used [0x00000000fed00000,0x00000000fed00000,0x00000000ff680000)
 ParOldGen       total 86016K, used 11864K [0x0000000083e00000, 0x0000000089200000, 0x00000000d6a00000)
  object space 86016K, 13% used [0x0000000083e00000,0x00000000849960e0,0x0000000089200000)
 Metaspace       used 5278K, capacity 5430K, committed 5632K, reserved 1056768K
  class space    used 590K, capacity 651K, committed 768K, reserved 1048576K
Event: 20,789 GC heap after
Heap after GC invocations=15 (full 0):
 PSYoungGen      total 659456K, used 832K [0x00000000d6a00000, 0x00000000fff00000, 0x0000000100000000)
  eden space 658432K, 0% used [0x00000000d6a00000,0x00000000d6a00000,0x00000000fed00000)
  from space 1024K, 81% used [0x00000000fed00000,0x00000000fedd0000,0x00000000fee00000)
  to   space 9216K, 0% used [0x00000000ff600000,0x00000000ff600000,0x00000000fff00000)
 ParOldGen       total 86016K, used 11888K [0x0000000083e00000, 0x0000000089200000, 0x00000000d6a00000)
  object space 86016K, 13% used [0x0000000083e00000,0x000000008499c0e0,0x0000000089200000)
 Metaspace       used 5278K, capacity 5430K, committed 5632K, reserved 1056768K
  class space    used 590K, capacity 651K, committed 768K, reserved 1048576K
}

